<?xml version="1.0" encoding="UTF-8"?>
<!-- Generated by org.testng.reporters.JUnitXMLReporter -->
<testsuite ignored="0" hostname="CAD380" failures="0" tests="3" name="Regression" time="22.509" errors="0" timestamp="2021-07-11T21:09:10 EDT">
  <testcase classname="utility.base" name="@BeforeTest setup" time="22.46">
    <failure type="org.openqa.selenium.WebDriverException" message="unknown error: net::ERR_CONNECTION_TIMED_OUT
  (Session info: chrome=91.0.4472.114)
Build info: version: &amp;apos;3.141.59&amp;apos;, revision: &amp;apos;e82be7d358&amp;apos;, time: &amp;apos;2018-11-14T08:17:03&amp;apos;
System info: host: &amp;apos;CAD380&amp;apos;, ip: &amp;apos;10.1.16.232&amp;apos;, os.name: &amp;apos;Windows 10&amp;apos;, os.arch: &amp;apos;amd64&amp;apos;, os.version: &amp;apos;10.0&amp;apos;, java.version: &amp;apos;16&amp;apos;
Driver info: org.openqa.selenium.chrome.ChromeDriver
Capabilities {acceptInsecureCerts: false, browserName: chrome, browserVersion: 91.0.4472.114, chrome: {chromedriverVersion: 91.0.4472.19 (1bf021f248676..., userDataDir: C:\Users\spawar\AppData\Loc...}, goog:chromeOptions: {debuggerAddress: localhost:62165}, javascriptEnabled: true, networkConnectionEnabled: false, pageLoadStrategy: normal, platform: WINDOWS, platformName: WINDOWS, proxy: Proxy(), setWindowRect: true, strictFileInteractability: false, timeouts: {implicit: 0, pageLoad: 300000, script: 30000}, unhandledPromptBehavior: dismiss and notify, webauthn:extension:largeBlob: true, webauthn:virtualAuthenticators: true}
Session ID: 213d0d7ca79a79b0fdacaf39e431eac8">
      <![CDATA[org.openqa.selenium.WebDriverException: unknown error: net::ERR_CONNECTION_TIMED_OUT
  (Session info: chrome=91.0.4472.114)
Build info: version: '3.141.59', revision: 'e82be7d358', time: '2018-11-14T08:17:03'
System info: host: 'CAD380', ip: '10.1.16.232', os.name: 'Windows 10', os.arch: 'amd64', os.version: '10.0', java.version: '16'
Driver info: org.openqa.selenium.chrome.ChromeDriver
Capabilities {acceptInsecureCerts: false, browserName: chrome, browserVersion: 91.0.4472.114, chrome: {chromedriverVersion: 91.0.4472.19 (1bf021f248676..., userDataDir: C:\Users\spawar\AppData\Loc...}, goog:chromeOptions: {debuggerAddress: localhost:62165}, javascriptEnabled: true, networkConnectionEnabled: false, pageLoadStrategy: normal, platform: WINDOWS, platformName: WINDOWS, proxy: Proxy(), setWindowRect: true, strictFileInteractability: false, timeouts: {implicit: 0, pageLoad: 300000, script: 30000}, unhandledPromptBehavior: dismiss and notify, webauthn:extension:largeBlob: true, webauthn:virtualAuthenticators: true}
Session ID: 213d0d7ca79a79b0fdacaf39e431eac8
at org.openqa.selenium.remote.http.W3CHttpResponseCodec.createException(W3CHttpResponseCodec.java:187)
at org.openqa.selenium.remote.http.W3CHttpResponseCodec.decode(W3CHttpResponseCodec.java:122)
at org.openqa.selenium.remote.http.W3CHttpResponseCodec.decode(W3CHttpResponseCodec.java:49)
at org.openqa.selenium.remote.HttpCommandExecutor.execute(HttpCommandExecutor.java:158)
at org.openqa.selenium.remote.service.DriverCommandExecutor.execute(DriverCommandExecutor.java:83)
at org.openqa.selenium.remote.RemoteWebDriver.execute(RemoteWebDriver.java:552)
at org.openqa.selenium.remote.RemoteWebDriver.get(RemoteWebDriver.java:277)
at utility.base.setup(base.java:42)
... Removed 29 stack frames]]>
    </failure>
  </testcase> <!-- @BeforeTest setup -->
  <testcase classname="utility.base" name="@AfterTest shutdown" time="-1.626052150868E9">
    <skipped/>
  </testcase> <!-- @AfterTest shutdown -->
  <testcase classname="stepDefinitions.WCCleanEnrollmentStepDefinitions" name="user_is_logged_into_the_home_page" time="0.0">
    <skipped/>
  </testcase> <!-- user_is_logged_into_the_home_page -->
  <testcase classname="stepDefinitions.WCCleanEnrollmentStepDefinitions" name="user_Navigates_to_rules_tab_to_create_clean_enrollment" time="0.0">
    <skipped/>
  </testcase> <!-- user_Navigates_to_rules_tab_to_create_clean_enrollment -->
  <testcase classname="stepDefinitions.WCCleanEnrollmentStepDefinitions" name="clean_Enrollment_rule_is_created_with_unique_enrollment_ID" time="0.0">
    <skipped/>
  </testcase> <!-- clean_Enrollment_rule_is_created_with_unique_enrollment_ID -->
</testsuite> <!-- Regression -->
